<?xml version="1.0" encoding="UTF-8"?>
<!-- Generated by org.testng.reporters.JUnitReportReporter -->
<testsuite hostname="LAPTOP-P6UB0HLE" failures="0" tests="2" name="tests.Logintest" time="18.793" errors="0" timestamp="2023-12-27T10:49:53 IST" skipped="0">
  <testcase classname="tests.Logintest" name="login" time="4.117"/>
  <system-out/>
  <testcase classname="tests.Logintest" name="login" time="14.676"/>
  <system-out/>
</testsuite> <!-- tests.Logintest -->
