<?xml version="1.0" encoding="UTF-8"?>
<!-- Generated by org.testng.reporters.JUnitReportReporter -->
<testsuite hostname="LAPTOP-P6UB0HLE" failures="0" tests="1" name="tests.ClassThree" time="53.591" errors="0" timestamp="2023-12-27T10:49:53 IST" skipped="0">
  <testcase classname="tests.ClassThree" name="classtreetest" time="53.591"/>
  <system-out/>
</testsuite> <!-- tests.ClassThree -->
